stream_chat_localizations-7.2.1/example/build/app/intermediates/manifest_merge_blame_file/debug/manifest-merger-blame-debug-report.txt
1<?xml version="1.0" encoding="utf-8"?>
2<manifest xmlns:android="http://schemas.android.com/apk/res/android"
3    package="com.example.example"
4    android:versionCode="1"
5    android:versionName="1.0.0" >
6
7    <uses-sdk
8        android:minSdkVersion="21"
9        android:targetSdkVersion="34" />
10    <!--
11         Flutter needs it to communicate with the running application
12         to allow setting breakpoints, to provide hot reload, etc.
13    -->
14    <uses-permission android:name="android.permission.INTERNET" />
14-->src\debug\AndroidManifest.xml:6:5-66
14-->src\debug\AndroidManifest.xml:6:22-64
15    <uses-permission android:name="android.permission.ACCESS_NETWORK_STATE" />
15-->[:connectivity_plus] AndroidManifest.xml:9:5-79
15-->[:connectivity_plus] AndroidManifest.xml:9:22-76
16    <uses-permission
16-->[:file_picker] AndroidManifest.xml:9:5-11:38
17        android:name="android.permission.READ_EXTERNAL_STORAGE"
17-->[:file_picker] AndroidManifest.xml:10:9-64
18        android:maxSdkVersion="32" />
18-->[:file_picker] AndroidManifest.xml:11:9-35
19
20    <queries>
20-->[:file_picker] AndroidManifest.xml:13:5-19:15
21        <intent>
21-->[:file_picker] AndroidManifest.xml:14:9-18:18
22            <action android:name="android.intent.action.GET_CONTENT" />
22-->[:file_picker] AndroidManifest.xml:15:13-72
22-->[:file_picker] AndroidManifest.xml:15:21-69
23
24            <data android:mimeType="*/*" />
24-->[:file_picker] AndroidManifest.xml:17:13-44
24-->[:file_picker] AndroidManifest.xml:17:19-41
25        </intent>
26        <intent>
26-->[androidx.media2:media2-session:1.2.1] AndroidManifest.xml:25:9-27:18
27            <action android:name="android.media.browse.MediaBrowserService" />
27-->[androidx.media2:media2-session:1.2.1] AndroidManifest.xml:26:13-79
27-->[androidx.media2:media2-session:1.2.1] AndroidManifest.xml:26:21-76
28        </intent>
29        <intent>
29-->[androidx.media2:media2-session:1.2.1] AndroidManifest.xml:28:9-30:18
30            <action android:name="androidx.media2.session.MediaSessionService" />
30-->[androidx.media2:media2-session:1.2.1] AndroidManifest.xml:29:13-82
30-->[androidx.media2:media2-session:1.2.1] AndroidManifest.xml:29:21-79
31        </intent>
32        <intent>
32-->[androidx.media2:media2-session:1.2.1] AndroidManifest.xml:31:9-33:18
33            <action android:name="androidx.media2.session.MediaLibraryService" />
33-->[androidx.media2:media2-session:1.2.1] AndroidManifest.xml:32:13-82
33-->[androidx.media2:media2-session:1.2.1] AndroidManifest.xml:32:21-79
34        </intent>
35    </queries>
36
37    <permission
37-->[androidx.core:core:1.12.0] AndroidManifest.xml:22:5-24:47
38        android:name="com.example.example.DYNAMIC_RECEIVER_NOT_EXPORTED_PERMISSION"
38-->[androidx.core:core:1.12.0] AndroidManifest.xml:23:9-81
39        android:protectionLevel="signature" />
39-->[androidx.core:core:1.12.0] AndroidManifest.xml:24:9-44
40
41    <uses-permission android:name="com.example.example.DYNAMIC_RECEIVER_NOT_EXPORTED_PERMISSION" />
41-->[androidx.core:core:1.12.0] AndroidManifest.xml:26:5-97
41-->[androidx.core:core:1.12.0] AndroidManifest.xml:26:22-94
42    <!--
43 io.flutter.app.FlutterApplication is an android.app.Application that
44         calls FlutterMain.startInitialization(this); in its onCreate method.
45         In most cases you can leave this as-is, but you if you want to provide
46         additional functionality it is fine to subclass or reimplement
47         FlutterApplication and put your custom class here.
48    -->
49    <application
50        android:name="android.app.Application"
51        android:appComponentFactory="androidx.core.app.CoreComponentFactory"
51-->[androidx.core:core:1.12.0] AndroidManifest.xml:28:18-86
52        android:debuggable="true"
53        android:icon="@mipmap/ic_launcher"
54        android:label="example" >
55        <activity
56            android:name="com.example.example.MainActivity"
57            android:configChanges="orientation|keyboardHidden|keyboard|screenSize|smallestScreenSize|locale|layoutDirection|fontScale|screenLayout|density|uiMode"
58            android:exported="true"
59            android:hardwareAccelerated="true"
60            android:launchMode="singleTop"
61            android:theme="@style/LaunchTheme"
62            android:windowSoftInputMode="adjustResize" >
63
64            <!--
65                 Specifies an Android theme to apply to this Activity as soon as
66                 the Android process has started. This theme is visible to the user
67                 while the Flutter UI initializes. After that, this theme continues
68                 to determine the Window background behind the Flutter UI.
69            -->
70            <meta-data
71                android:name="io.flutter.embedding.android.NormalTheme"
72                android:resource="@style/NormalTheme" />
73            <!--
74                 Displays an Android View that continues showing the launch screen
75                 Drawable until Flutter paints its first frame, then this splash
76                 screen fades out. A splash screen is useful to avoid any visual
77                 gap between the end of Android's launch screen and the painting of
78                 Flutter's first frame.
79            -->
80            <meta-data
81                android:name="io.flutter.embedding.android.SplashScreenDrawable"
82                android:resource="@drawable/launch_background" />
83
84            <intent-filter>
85                <action android:name="android.intent.action.MAIN" />
86
87                <category android:name="android.intent.category.LAUNCHER" />
88            </intent-filter>
89        </activity>
90        <!--
91             Don't delete the meta-data below.
92             This is used by the Flutter tool to generate GeneratedPluginRegistrant.java
93        -->
94        <meta-data
95            android:name="flutterEmbedding"
96            android:value="2" />
97
98        <provider
98-->[:image_picker_android] AndroidManifest.xml:11:9-19:20
99            android:name="io.flutter.plugins.imagepicker.ImagePickerFileProvider"
99-->[:image_picker_android] AndroidManifest.xml:12:13-82
100            android:authorities="com.example.example.flutter.image_provider"
100-->[:image_picker_android] AndroidManifest.xml:13:13-74
101            android:exported="false"
101-->[:image_picker_android] AndroidManifest.xml:14:13-37
102            android:grantUriPermissions="true" >
102-->[:image_picker_android] AndroidManifest.xml:15:13-47
103            <meta-data
103-->[:image_picker_android] AndroidManifest.xml:16:13-18:75
104                android:name="android.support.FILE_PROVIDER_PATHS"
104-->[:image_picker_android] AndroidManifest.xml:17:17-67
105                android:resource="@xml/flutter_image_picker_file_paths" />
105-->[:image_picker_android] AndroidManifest.xml:18:17-72
106        </provider> <!-- Trigger Google Play services to install the backported photo picker module. -->
107        <service
107-->[:image_picker_android] AndroidManifest.xml:21:9-33:19
108            android:name="com.google.android.gms.metadata.ModuleDependencies"
108-->[:image_picker_android] AndroidManifest.xml:22:13-78
109            android:enabled="false"
109-->[:image_picker_android] AndroidManifest.xml:23:13-36
110            android:exported="false" >
110-->[:image_picker_android] AndroidManifest.xml:24:13-37
111            <intent-filter>
111-->[:image_picker_android] AndroidManifest.xml:26:13-28:29
112                <action android:name="com.google.android.gms.metadata.MODULE_DEPENDENCIES" />
112-->[:image_picker_android] AndroidManifest.xml:27:17-94
112-->[:image_picker_android] AndroidManifest.xml:27:25-91
113            </intent-filter>
114
115            <meta-data
115-->[:image_picker_android] AndroidManifest.xml:30:13-32:36
116                android:name="photopicker_activity:0:required"
116-->[:image_picker_android] AndroidManifest.xml:31:17-63
117                android:value="" />
117-->[:image_picker_android] AndroidManifest.xml:32:17-33
118        </service>
119        <!--
120           Declares a provider which allows us to store files to share in
121           '.../caches/share_plus' and grant the receiving action access
122        -->
123        <provider
123-->[:share_plus] AndroidManifest.xml:15:9-23:20
124            android:name="dev.fluttercommunity.plus.share.ShareFileProvider"
124-->[:share_plus] AndroidManifest.xml:16:13-77
125            android:authorities="com.example.example.flutter.share_provider"
125-->[:share_plus] AndroidManifest.xml:17:13-74
126            android:exported="false"
126-->[:share_plus] AndroidManifest.xml:18:13-37
127            android:grantUriPermissions="true" >
127-->[:share_plus] AndroidManifest.xml:19:13-47
128            <meta-data
128-->[:image_picker_android] AndroidManifest.xml:16:13-18:75
129                android:name="android.support.FILE_PROVIDER_PATHS"
129-->[:image_picker_android] AndroidManifest.xml:17:17-67
130                android:resource="@xml/flutter_share_file_paths" />
130-->[:image_picker_android] AndroidManifest.xml:18:17-72
131        </provider>
132        <!--
133           This manifest declared broadcast receiver allows us to use an explicit
134           Intent when creating a PendingItent to be informed of the user's choice
135        -->
136        <receiver
136-->[:share_plus] AndroidManifest.xml:28:9-34:20
137            android:name="dev.fluttercommunity.plus.share.SharePlusPendingIntent"
137-->[:share_plus] AndroidManifest.xml:29:13-82
138            android:exported="false" >
138-->[:share_plus] AndroidManifest.xml:30:13-37
139            <intent-filter>
139-->[:share_plus] AndroidManifest.xml:31:13-33:29
140                <action android:name="EXTRA_CHOSEN_COMPONENT" />
140-->[:share_plus] AndroidManifest.xml:32:17-65
140-->[:share_plus] AndroidManifest.xml:32:25-62
141            </intent-filter>
142        </receiver>
143
144        <activity
144-->[:url_launcher_android] AndroidManifest.xml:10:9-13:74
145            android:name="io.flutter.plugins.urllauncher.WebViewActivity"
145-->[:url_launcher_android] AndroidManifest.xml:11:13-74
146            android:exported="false"
146-->[:url_launcher_android] AndroidManifest.xml:12:13-37
147            android:theme="@android:style/Theme.NoTitleBar.Fullscreen" />
147-->[:url_launcher_android] AndroidManifest.xml:13:13-71
148
149        <uses-library
149-->[androidx.window:window:1.0.0-beta04] AndroidManifest.xml:25:9-27:40
150            android:name="androidx.window.extensions"
150-->[androidx.window:window:1.0.0-beta04] AndroidManifest.xml:26:13-54
151            android:required="false" />
151-->[androidx.window:window:1.0.0-beta04] AndroidManifest.xml:27:13-37
152        <uses-library
152-->[androidx.window:window:1.0.0-beta04] AndroidManifest.xml:28:9-30:40
153            android:name="androidx.window.sidecar"
153-->[androidx.window:window:1.0.0-beta04] AndroidManifest.xml:29:13-51
154            android:required="false" />
154-->[androidx.window:window:1.0.0-beta04] AndroidManifest.xml:30:13-37
155
156        <provider
156-->[androidx.profileinstaller:profileinstaller:1.3.0] AndroidManifest.xml:24:9-32:20
157            android:name="androidx.startup.InitializationProvider"
157-->[androidx.profileinstaller:profileinstaller:1.3.0] AndroidManifest.xml:25:13-67
158            android:authorities="com.example.example.androidx-startup"
158-->[androidx.profileinstaller:profileinstaller:1.3.0] AndroidManifest.xml:26:13-68
159            android:exported="false" >
159-->[androidx.profileinstaller:profileinstaller:1.3.0] AndroidManifest.xml:27:13-37
160            <meta-data
160-->[androidx.profileinstaller:profileinstaller:1.3.0] AndroidManifest.xml:29:13-31:52
161                android:name="androidx.profileinstaller.ProfileInstallerInitializer"
161-->[androidx.profileinstaller:profileinstaller:1.3.0] AndroidManifest.xml:30:17-85
162                android:value="androidx.startup" />
162-->[androidx.profileinstaller:profileinstaller:1.3.0] AndroidManifest.xml:31:17-49
163        </provider>
164
165        <receiver
165-->[androidx.profileinstaller:profileinstaller:1.3.0] AndroidManifest.xml:34:9-52:20
166            android:name="androidx.profileinstaller.ProfileInstallReceiver"
166-->[androidx.profileinstaller:profileinstaller:1.3.0] AndroidManifest.xml:35:13-76
167            android:directBootAware="false"
167-->[androidx.profileinstaller:profileinstaller:1.3.0] AndroidManifest.xml:36:13-44
168            android:enabled="true"
168-->[androidx.profileinstaller:profileinstaller:1.3.0] AndroidManifest.xml:37:13-35
169            android:exported="true"
169-->[androidx.profileinstaller:profileinstaller:1.3.0] AndroidManifest.xml:38:13-36
170            android:permission="android.permission.DUMP" >
170-->[androidx.profileinstaller:profileinstaller:1.3.0] AndroidManifest.xml:39:13-57
171            <intent-filter>
171-->[androidx.profileinstaller:profileinstaller:1.3.0] AndroidManifest.xml:40:13-42:29
172                <action android:name="androidx.profileinstaller.action.INSTALL_PROFILE" />
172-->[androidx.profileinstaller:profileinstaller:1.3.0] AndroidManifest.xml:41:17-91
172-->[androidx.profileinstaller:profileinstaller:1.3.0] AndroidManifest.xml:41:25-88
173            </intent-filter>
174            <intent-filter>
174-->[androidx.profileinstaller:profileinstaller:1.3.0] AndroidManifest.xml:43:13-45:29
175                <action android:name="androidx.profileinstaller.action.SKIP_FILE" />
175-->[androidx.profileinstaller:profileinstaller:1.3.0] AndroidManifest.xml:44:17-85
175-->[androidx.profileinstaller:profileinstaller:1.3.0] AndroidManifest.xml:44:25-82
176            </intent-filter>
177            <intent-filter>
177-->[androidx.profileinstaller:profileinstaller:1.3.0] AndroidManifest.xml:46:13-48:29
178                <action android:name="androidx.profileinstaller.action.SAVE_PROFILE" />
178-->[androidx.profileinstaller:profileinstaller:1.3.0] AndroidManifest.xml:47:17-88
178-->[androidx.profileinstaller:profileinstaller:1.3.0] AndroidManifest.xml:47:25-85
179            </intent-filter>
180            <intent-filter>
180-->[androidx.profileinstaller:profileinstaller:1.3.0] AndroidManifest.xml:49:13-51:29
181                <action android:name="androidx.profileinstaller.action.BENCHMARK_OPERATION" />
181-->[androidx.profileinstaller:profileinstaller:1.3.0] AndroidManifest.xml:50:17-95
181-->[androidx.profileinstaller:profileinstaller:1.3.0] AndroidManifest.xml:50:25-92
182            </intent-filter>
183        </receiver>
184    </application>
185
186</manifest>